[debug] [2022-10-26T13:25:56.594Z] ----------------------------------------------------------------------
[debug] [2022-10-26T13:25:56.602Z] Command:       C:\Program Files\nodejs\node.exe C:\Users\sayem\AppData\Roaming\npm\node_modules\firebase-tools\lib\bin\firebase.js deploy
[debug] [2022-10-26T13:25:56.603Z] CLI Version:   11.15.0
[debug] [2022-10-26T13:25:56.603Z] Platform:      win32
[debug] [2022-10-26T13:25:56.603Z] Node Version:  v17.2.0
[debug] [2022-10-26T13:25:56.605Z] Time:          Wed Oct 26 2022 19:25:56 GMT+0600 (Bangladesh Standard Time)
[debug] [2022-10-26T13:25:56.606Z] ----------------------------------------------------------------------
[debug] 
[debug] [2022-10-26T13:25:56.684Z] > command requires scopes: ["email","openid","https://www.googleapis.com/auth/cloudplatformprojects.readonly","https://www.googleapis.com/auth/firebase","https://www.googleapis.com/auth/cloud-platform"]
[debug] [2022-10-26T13:25:56.684Z] > authorizing via signed-in user (sayemazizchy@gmail.com)
[debug] [2022-10-26T13:25:56.684Z] [iam] checking project wow-learning for permissions ["firebase.projects.get","firebasehosting.sites.update"]
[debug] [2022-10-26T13:25:56.686Z] > refreshing access token with scopes: []
[debug] [2022-10-26T13:25:56.687Z] >>> [apiv2][query] POST https://www.googleapis.com/oauth2/v3/token [none]
[debug] [2022-10-26T13:25:56.688Z] >>> [apiv2][body] POST https://www.googleapis.com/oauth2/v3/token [omitted]
[debug] [2022-10-26T13:25:59.717Z] <<< [apiv2][status] POST https://www.googleapis.com/oauth2/v3/token 200
[debug] [2022-10-26T13:25:59.718Z] <<< [apiv2][body] POST https://www.googleapis.com/oauth2/v3/token [omitted]
[debug] [2022-10-26T13:25:59.726Z] >>> [apiv2][query] POST https://cloudresourcemanager.googleapis.com/v1/projects/wow-learning:testIamPermissions [none]
[debug] [2022-10-26T13:25:59.726Z] >>> [apiv2][(partial)header] POST https://cloudresourcemanager.googleapis.com/v1/projects/wow-learning:testIamPermissions x-goog-quota-user=projects/wow-learning
[debug] [2022-10-26T13:25:59.726Z] >>> [apiv2][body] POST https://cloudresourcemanager.googleapis.com/v1/projects/wow-learning:testIamPermissions {"permissions":["firebase.projects.get","firebasehosting.sites.update"]}
[debug] [2022-10-26T13:26:02.289Z] <<< [apiv2][status] POST https://cloudresourcemanager.googleapis.com/v1/projects/wow-learning:testIamPermissions 200
[debug] [2022-10-26T13:26:02.289Z] <<< [apiv2][body] POST https://cloudresourcemanager.googleapis.com/v1/projects/wow-learning:testIamPermissions {"permissions":["firebase.projects.get","firebasehosting.sites.update"]}
[debug] [2022-10-26T13:26:02.291Z] >>> [apiv2][query] GET https://firebase.googleapis.com/v1beta1/projects/wow-learning [none]
[debug] [2022-10-26T13:26:03.165Z] <<< [apiv2][status] GET https://firebase.googleapis.com/v1beta1/projects/wow-learning 200
[debug] [2022-10-26T13:26:03.165Z] <<< [apiv2][body] GET https://firebase.googleapis.com/v1beta1/projects/wow-learning {"projectId":"wow-learning","projectNumber":"374714090495","displayName":"wow-learning","name":"projects/wow-learning","resources":{"hostingSite":"wow-learning"},"state":"ACTIVE","etag":"1_e661d84c-71df-4830-a28b-10739ce5d7b5"}
[info] 
[info] === Deploying to 'wow-learning'...
[info] 
[info] i  deploying hosting 
[debug] [2022-10-26T13:26:03.169Z] >>> [apiv2][query] POST https://firebasehosting.googleapis.com/v1beta1/projects/-/sites/wow-learning/versions [none]
[debug] [2022-10-26T13:26:03.169Z] >>> [apiv2][body] POST https://firebasehosting.googleapis.com/v1beta1/projects/-/sites/wow-learning/versions {"status":"CREATED","labels":{"deployment-tool":"cli-firebase"}}
[debug] [2022-10-26T13:26:08.307Z] <<< [apiv2][status] POST https://firebasehosting.googleapis.com/v1beta1/projects/-/sites/wow-learning/versions 200
[debug] [2022-10-26T13:26:08.307Z] <<< [apiv2][body] POST https://firebasehosting.googleapis.com/v1beta1/projects/-/sites/wow-learning/versions {"name":"projects/374714090495/sites/wow-learning/versions/1d627a4995a70e1b","status":"CREATED","config":{},"labels":{"deployment-tool":"cli-firebase"}}
[info] i  hosting[wow-learning]: beginning deploy... 
[info] i  hosting[wow-learning]: found 14 files in build 
[debug] [2022-10-26T13:26:08.318Z] [hosting] uploading with 200 concurrency
[debug] [2022-10-26T13:26:08.721Z] [hosting] hash cache [YnVpbGQ] stored for 14 files
[debug] [2022-10-26T13:26:08.721Z] [hosting][hash queue][FINAL] {"max":394,"min":3,"avg":35.42857142857143,"active":0,"complete":14,"success":14,"errored":0,"retried":0,"total":14,"elapsed":401}
[debug] [2022-10-26T13:26:08.722Z] >>> [apiv2][query] POST https://firebasehosting.googleapis.com/v1beta1/projects/374714090495/sites/wow-learning/versions/1d627a4995a70e1b:populateFiles [none]
[debug] [2022-10-26T13:26:08.722Z] >>> [apiv2][body] POST https://firebasehosting.googleapis.com/v1beta1/projects/374714090495/sites/wow-learning/versions/1d627a4995a70e1b:populateFiles {"files":{"/favicon.ico":"d9f9b1e2d4ad7af1692ebf70e2c79959425e4714980e836492a9c303d2cffd01","/logo192.png":"3ee59515172ee198f3be375979df15ac5345183e656720a381b8872b2a39dc8b","/logo512.png":"ee7e2f3fdb8209c4b6fd7bef6ba50d1b9dba30a25bb5c3126df057e1cb6f5331","/manifest.json":"aff3449bdc238776f5d6d967f19ec491b36aed5fb7f23ccff6500736fd58494a","/robots.txt":"bfe106a3fb878dc83461c86818bf74fc1bdc7f28538ba613cd3e775516ce8b49","/asset-manifest.json":"3b776f0b54ee8e2df850070330dcb59b2a2e6a6678dae5839794f98fc6fdc930","/index.html":"cb2d85dd22b1575a743e458c60d4bc33fdc3aa561a840d8c8a1482f61fc7c846","/static/js/787.7d996969.chunk.js":"6de24c1345dedc31edfc773db8769f5c65dfe4e3c0fe33a6cb92b6488b0faeb7","/static/js/main.e350d636.js.LICENSE.txt":"f3d94de3dd868a790f5618fd9dc106f2ab2e45151a76a6b2090f0a9c6820c134","/static/js/787.7d996969.chunk.js.map":"5fafdead7df74de7a5219f1cfd9d7d02e2d9174dbed0109e530fc0d61af19b75","/static/css/main.f1fde004.css.map":"c4ef6194e4f9c793171d40271e8c400b0f25dafcbf1ffd65f44df96a7b7f4226","/static/css/main.f1fde004.css":"d9fa3f032f21f7cc0b6b88cb17ada25b91b10ee74777a14591e3f642b38bcdd6","/static/js/main.e350d636.js":"bd36ffc1b266b86d6900fe0da52333239e21fbf9a53b5a9259a285bcf508dd4a","/static/js/main.e350d636.js.map":"ce10cd6282660e77f3a3b5d57a20e99130615e90aaa141f8de8a9e0f21d8b212"}}
[debug] [2022-10-26T13:26:11.932Z] <<< [apiv2][status] POST https://firebasehosting.googleapis.com/v1beta1/projects/374714090495/sites/wow-learning/versions/1d627a4995a70e1b:populateFiles 200
[debug] [2022-10-26T13:26:11.932Z] <<< [apiv2][body] POST https://firebasehosting.googleapis.com/v1beta1/projects/374714090495/sites/wow-learning/versions/1d627a4995a70e1b:populateFiles {"uploadRequiredHashes":["d9fa3f032f21f7cc0b6b88cb17ada25b91b10ee74777a14591e3f642b38bcdd6","bd36ffc1b266b86d6900fe0da52333239e21fbf9a53b5a9259a285bcf508dd4a","3b776f0b54ee8e2df850070330dcb59b2a2e6a6678dae5839794f98fc6fdc930","cb2d85dd22b1575a743e458c60d4bc33fdc3aa561a840d8c8a1482f61fc7c846","c4ef6194e4f9c793171d40271e8c400b0f25dafcbf1ffd65f44df96a7b7f4226","ce10cd6282660e77f3a3b5d57a20e99130615e90aaa141f8de8a9e0f21d8b212"],"uploadUrl":"https://upload-firebasehosting.googleapis.com/upload/sites/wow-learning/versions/1d627a4995a70e1b/files"}
[debug] [2022-10-26T13:26:11.934Z] >>> [apiv2][query] POST https://upload-firebasehosting.googleapis.com/upload/sites/wow-learning/versions/1d627a4995a70e1b/files/d9fa3f032f21f7cc0b6b88cb17ada25b91b10ee74777a14591e3f642b38bcdd6 [none]
[debug] [2022-10-26T13:26:11.934Z] >>> [apiv2][body] POST https://upload-firebasehosting.googleapis.com/upload/sites/wow-learning/versions/1d627a4995a70e1b/files/d9fa3f032f21f7cc0b6b88cb17ada25b91b10ee74777a14591e3f642b38bcdd6 [stream]
[debug] [2022-10-26T13:26:11.935Z] >>> [apiv2][query] POST https://upload-firebasehosting.googleapis.com/upload/sites/wow-learning/versions/1d627a4995a70e1b/files/bd36ffc1b266b86d6900fe0da52333239e21fbf9a53b5a9259a285bcf508dd4a [none]
[debug] [2022-10-26T13:26:11.935Z] >>> [apiv2][body] POST https://upload-firebasehosting.googleapis.com/upload/sites/wow-learning/versions/1d627a4995a70e1b/files/bd36ffc1b266b86d6900fe0da52333239e21fbf9a53b5a9259a285bcf508dd4a [stream]
[debug] [2022-10-26T13:26:11.937Z] >>> [apiv2][query] POST https://upload-firebasehosting.googleapis.com/upload/sites/wow-learning/versions/1d627a4995a70e1b/files/3b776f0b54ee8e2df850070330dcb59b2a2e6a6678dae5839794f98fc6fdc930 [none]
[debug] [2022-10-26T13:26:11.937Z] >>> [apiv2][body] POST https://upload-firebasehosting.googleapis.com/upload/sites/wow-learning/versions/1d627a4995a70e1b/files/3b776f0b54ee8e2df850070330dcb59b2a2e6a6678dae5839794f98fc6fdc930 [stream]
[debug] [2022-10-26T13:26:11.938Z] >>> [apiv2][query] POST https://upload-firebasehosting.googleapis.com/upload/sites/wow-learning/versions/1d627a4995a70e1b/files/cb2d85dd22b1575a743e458c60d4bc33fdc3aa561a840d8c8a1482f61fc7c846 [none]
[debug] [2022-10-26T13:26:11.938Z] >>> [apiv2][body] POST https://upload-firebasehosting.googleapis.com/upload/sites/wow-learning/versions/1d627a4995a70e1b/files/cb2d85dd22b1575a743e458c60d4bc33fdc3aa561a840d8c8a1482f61fc7c846 [stream]
[debug] [2022-10-26T13:26:11.939Z] >>> [apiv2][query] POST https://upload-firebasehosting.googleapis.com/upload/sites/wow-learning/versions/1d627a4995a70e1b/files/c4ef6194e4f9c793171d40271e8c400b0f25dafcbf1ffd65f44df96a7b7f4226 [none]
[debug] [2022-10-26T13:26:11.940Z] >>> [apiv2][body] POST https://upload-firebasehosting.googleapis.com/upload/sites/wow-learning/versions/1d627a4995a70e1b/files/c4ef6194e4f9c793171d40271e8c400b0f25dafcbf1ffd65f44df96a7b7f4226 [stream]
[debug] [2022-10-26T13:26:11.941Z] >>> [apiv2][query] POST https://upload-firebasehosting.googleapis.com/upload/sites/wow-learning/versions/1d627a4995a70e1b/files/ce10cd6282660e77f3a3b5d57a20e99130615e90aaa141f8de8a9e0f21d8b212 [none]
[debug] [2022-10-26T13:26:11.941Z] >>> [apiv2][body] POST https://upload-firebasehosting.googleapis.com/upload/sites/wow-learning/versions/1d627a4995a70e1b/files/ce10cd6282660e77f3a3b5d57a20e99130615e90aaa141f8de8a9e0f21d8b212 [stream]
[debug] [2022-10-26T13:26:11.942Z] [hosting][populate queue][FINAL] {"max":3216,"min":3216,"avg":3216,"active":0,"complete":1,"success":1,"errored":0,"retried":0,"total":1,"elapsed":3224}
[debug] [2022-10-26T13:26:11.942Z] [hosting] uploads queued: 6
[debug] [2022-10-26T13:26:14.574Z] <<< [apiv2][status] POST https://upload-firebasehosting.googleapis.com/upload/sites/wow-learning/versions/1d627a4995a70e1b/files/c4ef6194e4f9c793171d40271e8c400b0f25dafcbf1ffd65f44df96a7b7f4226 200
[debug] [2022-10-26T13:26:14.574Z] <<< [apiv2][body] POST https://upload-firebasehosting.googleapis.com/upload/sites/wow-learning/versions/1d627a4995a70e1b/files/c4ef6194e4f9c793171d40271e8c400b0f25dafcbf1ffd65f44df96a7b7f4226 [stream]
[debug] [2022-10-26T13:26:14.772Z] <<< [apiv2][status] POST https://upload-firebasehosting.googleapis.com/upload/sites/wow-learning/versions/1d627a4995a70e1b/files/cb2d85dd22b1575a743e458c60d4bc33fdc3aa561a840d8c8a1482f61fc7c846 200
[debug] [2022-10-26T13:26:14.773Z] <<< [apiv2][body] POST https://upload-firebasehosting.googleapis.com/upload/sites/wow-learning/versions/1d627a4995a70e1b/files/cb2d85dd22b1575a743e458c60d4bc33fdc3aa561a840d8c8a1482f61fc7c846 [stream]
[debug] [2022-10-26T13:26:14.977Z] <<< [apiv2][status] POST https://upload-firebasehosting.googleapis.com/upload/sites/wow-learning/versions/1d627a4995a70e1b/files/3b776f0b54ee8e2df850070330dcb59b2a2e6a6678dae5839794f98fc6fdc930 200
[debug] [2022-10-26T13:26:14.977Z] <<< [apiv2][body] POST https://upload-firebasehosting.googleapis.com/upload/sites/wow-learning/versions/1d627a4995a70e1b/files/3b776f0b54ee8e2df850070330dcb59b2a2e6a6678dae5839794f98fc6fdc930 [stream]
[debug] [2022-10-26T13:26:15.992Z] <<< [apiv2][status] POST https://upload-firebasehosting.googleapis.com/upload/sites/wow-learning/versions/1d627a4995a70e1b/files/d9fa3f032f21f7cc0b6b88cb17ada25b91b10ee74777a14591e3f642b38bcdd6 200
[debug] [2022-10-26T13:26:15.993Z] <<< [apiv2][body] POST https://upload-firebasehosting.googleapis.com/upload/sites/wow-learning/versions/1d627a4995a70e1b/files/d9fa3f032f21f7cc0b6b88cb17ada25b91b10ee74777a14591e3f642b38bcdd6 [stream]
[debug] [2022-10-26T13:26:21.303Z] <<< [apiv2][status] POST https://upload-firebasehosting.googleapis.com/upload/sites/wow-learning/versions/1d627a4995a70e1b/files/ce10cd6282660e77f3a3b5d57a20e99130615e90aaa141f8de8a9e0f21d8b212 200
[debug] [2022-10-26T13:26:21.303Z] <<< [apiv2][body] POST https://upload-firebasehosting.googleapis.com/upload/sites/wow-learning/versions/1d627a4995a70e1b/files/ce10cd6282660e77f3a3b5d57a20e99130615e90aaa141f8de8a9e0f21d8b212 [stream]
[debug] [2022-10-26T13:26:25.326Z] <<< [apiv2][status] POST https://upload-firebasehosting.googleapis.com/upload/sites/wow-learning/versions/1d627a4995a70e1b/files/bd36ffc1b266b86d6900fe0da52333239e21fbf9a53b5a9259a285bcf508dd4a 200
[debug] [2022-10-26T13:26:25.326Z] <<< [apiv2][body] POST https://upload-firebasehosting.googleapis.com/upload/sites/wow-learning/versions/1d627a4995a70e1b/files/bd36ffc1b266b86d6900fe0da52333239e21fbf9a53b5a9259a285bcf508dd4a [stream]
[debug] [2022-10-26T13:26:25.326Z] [hosting][upload queue][FINAL] {"max":13393,"min":2641,"avg":5891.333333333333,"active":0,"complete":6,"success":6,"errored":0,"retried":0,"total":6,"elapsed":13393}
[info] +  hosting[wow-learning]: file upload complete 
[debug] [2022-10-26T13:26:25.327Z] [hosting] deploy completed after 17018ms
[debug] [2022-10-26T13:26:25.332Z] [
  {
    "config": {
      "public": "build",
      "ignore": [
        "firebase.json",
        "**/.*",
        "**/node_modules/**"
      ],
      "rewrites": [
        {
          "source": "**",
          "destination": "/index.html"
        }
      ],
      "site": "wow-learning"
    },
    "version": "projects/374714090495/sites/wow-learning/versions/1d627a4995a70e1b"
  }
]
[info] i  hosting[wow-learning]: finalizing version... 
[debug] [2022-10-26T13:26:25.334Z] >>> [apiv2][query] PATCH https://firebasehosting.googleapis.com/v1beta1/projects/-/sites/wow-learning/versions/1d627a4995a70e1b updateMask=status%2Cconfig
[debug] [2022-10-26T13:26:25.334Z] >>> [apiv2][body] PATCH https://firebasehosting.googleapis.com/v1beta1/projects/-/sites/wow-learning/versions/1d627a4995a70e1b {"status":"FINALIZED","config":{"rewrites":[{"glob":"**","path":"/index.html"}]}}
[debug] [2022-10-26T13:26:28.222Z] <<< [apiv2][status] PATCH https://firebasehosting.googleapis.com/v1beta1/projects/-/sites/wow-learning/versions/1d627a4995a70e1b 200
[debug] [2022-10-26T13:26:28.222Z] <<< [apiv2][body] PATCH https://firebasehosting.googleapis.com/v1beta1/projects/-/sites/wow-learning/versions/1d627a4995a70e1b {"name":"projects/374714090495/sites/wow-learning/versions/1d627a4995a70e1b","status":"FINALIZED","config":{"rewrites":[{"glob":"**","path":"/index.html"}]},"labels":{"deployment-tool":"cli-firebase"},"createTime":"2022-10-26T13:26:06.999713Z","createUser":{"email":"sayemazizchy@gmail.com"},"finalizeTime":"2022-10-26T13:26:27.180402Z","finalizeUser":{"email":"sayemazizchy@gmail.com"}}
[debug] [2022-10-26T13:26:28.222Z] [hosting] finalized version for wow-learning:[object Object]
[info] +  hosting[wow-learning]: version finalized 
[info] i  hosting[wow-learning]: releasing new version... 
[debug] [2022-10-26T13:26:28.223Z] >>> [apiv2][query] POST https://firebasehosting.googleapis.com/v1beta1/projects/-/sites/wow-learning/channels/live/releases versionName=projects%2F374714090495%2Fsites%2Fwow-learning%2Fversions%2F1d627a4995a70e1b
[debug] [2022-10-26T13:26:28.223Z] >>> [apiv2][body] POST https://firebasehosting.googleapis.com/v1beta1/projects/-/sites/wow-learning/channels/live/releases {}
[debug] [2022-10-26T13:26:31.567Z] <<< [apiv2][status] POST https://firebasehosting.googleapis.com/v1beta1/projects/-/sites/wow-learning/channels/live/releases 200
[debug] [2022-10-26T13:26:31.567Z] <<< [apiv2][body] POST https://firebasehosting.googleapis.com/v1beta1/projects/-/sites/wow-learning/channels/live/releases {"name":"projects/374714090495/sites/wow-learning/channels/live/releases/1666790789422827","version":{"name":"projects/374714090495/sites/wow-learning/versions/1d627a4995a70e1b","status":"FINALIZED","config":{"rewrites":[{"glob":"**","path":"/index.html"}]},"labels":{"deployment-tool":"cli-firebase"},"createTime":"2022-10-26T13:26:06.999713Z","createUser":{"email":"sayemazizchy@gmail.com","imageUrl":"https://lh3.googleusercontent.com/a/ALm5wu1xdzEEZ4skGIvcmBtSTE5VFFF7FxfAiJbUzX1Lcg"},"finalizeTime":"2022-10-26T13:26:27.180402Z","finalizeUser":{"email":"sayemazizchy@gmail.com","imageUrl":"https://lh3.googleusercontent.com/a/ALm5wu1xdzEEZ4skGIvcmBtSTE5VFFF7FxfAiJbUzX1Lcg"}},"type":"DEPLOY","releaseTime":"2022-10-26T13:26:29.422827280Z","releaseUser":{"email":"sayemazizchy@gmail.com","imageUrl":"https://lh3.googleusercontent.com/a/ALm5wu1xdzEEZ4skGIvcmBtSTE5VFFF7FxfAiJbUzX1Lcg"}}
[debug] [2022-10-26T13:26:31.567Z] [hosting] release: {"name":"projects/374714090495/sites/wow-learning/channels/live/releases/1666790789422827","version":{"name":"projects/374714090495/sites/wow-learning/versions/1d627a4995a70e1b","status":"FINALIZED","config":{"rewrites":[{"glob":"**","path":"/index.html"}]},"labels":{"deployment-tool":"cli-firebase"},"createTime":"2022-10-26T13:26:06.999713Z","createUser":{"email":"sayemazizchy@gmail.com","imageUrl":"https://lh3.googleusercontent.com/a/ALm5wu1xdzEEZ4skGIvcmBtSTE5VFFF7FxfAiJbUzX1Lcg"},"finalizeTime":"2022-10-26T13:26:27.180402Z","finalizeUser":{"email":"sayemazizchy@gmail.com","imageUrl":"https://lh3.googleusercontent.com/a/ALm5wu1xdzEEZ4skGIvcmBtSTE5VFFF7FxfAiJbUzX1Lcg"}},"type":"DEPLOY","releaseTime":"2022-10-26T13:26:29.422827280Z","releaseUser":{"email":"sayemazizchy@gmail.com","imageUrl":"https://lh3.googleusercontent.com/a/ALm5wu1xdzEEZ4skGIvcmBtSTE5VFFF7FxfAiJbUzX1Lcg"}}
[info] +  hosting[wow-learning]: release complete 
[info] 
[info] +  Deploy complete! 
[info] 
[info] Project Console: https://console.firebase.google.com/project/wow-learning/overview
[info] Hosting URL: https://wow-learning.web.app
[debug] [2022-10-26T13:26:39.386Z] Error: Timed out.
    at Timeout.<anonymous> (C:\Users\sayem\AppData\Roaming\npm\node_modules\firebase-tools\lib\utils.js:253:49)
    at listOnTimeout (node:internal/timers:557:17)
    at processTimers (node:internal/timers:500:7)
[error] 
[error] Error: An unexpected error has occurred.
